Build started 2013/10/16 21:00:09.
     1>Project "C:\work\03-vdc\vdc\vdc\vdc\win32\VSCloudNode.vcxproj" on node 2 (build target(s)).
     1>InitializeBuildStatus:
         Creating "Release\VSCloudNode.unsuccessfulbuild" because "AlwaysCreate" was specified.
       CustomBuild:
         All outputs are up-to-date.
       ClCompile:
         All outputs are up-to-date.
         All outputs are up-to-date.
       ResourceCompile:
         All outputs are up-to-date.
     1>C:\Program Files (x86)\MSBuild\Microsoft.Cpp\v4.0\Microsoft.CppBuild.targets(990,5): warning MSB8012: TargetPath(C:\work\03-vdc\vdc\vdc\vdc\win32\Win32\Release\VSCloudNode.exe) does not match the Linker's OutputFile property value (C:\work\03-vdc\vdc\vdc\vdc\win32\Win32\Release\VDC-NVR.exe). This may cause your project to build incorrectly. To correct this, please make sure that $(OutDir), $(TargetName) and $(TargetExt) property values match the value specified in %(Link.OutputFile).
     1>C:\Program Files (x86)\MSBuild\Microsoft.Cpp\v4.0\Microsoft.CppBuild.targets(992,5): warning MSB8012: TargetName(VSCloudNode) does not match the Linker's OutputFile property value (VDC-NVR). This may cause your project to build incorrectly. To correct this, please make sure that $(OutDir), $(TargetName) and $(TargetExt) property values match the value specified in %(Link.OutputFile).
       Link:
         c:\Program Files (x86)\Microsoft Visual Studio 10.0\VC\bin\link.exe /ERRORREPORT:PROMPT /OUT:"C:\work\03-vdc\vdc\vdc\vdc\win32\Win32\Release\\VDC-NVR.exe" /NOLOGO /LIBPATH:C:\Qt\Qt5.0.2\5.0.2\msvc2010\lib /LIBPATH:"..\..\3rdparty\SDL-2.0.0-6940\VisualC\SDL\Win32\Release\\" /LIBPATH:"..\..\3rdparty\ffmpeg-54\lib" /LIBPATH:..\..\3rdparty\TinyThread++\build\vc10\Release /LIBPATH:"..\..\3rdparty\gperftools-2.0\Release\\" /LIBPATH:..\..\3rdparty\leveldb\win32_proj\Release /LIBPATH:"..\..\3rdparty\poco-1.4.6p1\lib\\" /LIBPATH:..\..\3rdparty\libcli\Release\ /LIBPATH:"..\..\3rdparty\SDL2_ttf-2.0.12\VisualC\Win32\Release\\" /LIBPATH:..\..\3rdparty\onvifc\lib\Release\ qtmain.lib Qt5Core.lib Qt5Gui.lib Qt5Multimedia.lib Qt5MultimediaWidgets.lib Qt5Network.lib Qt5Qml.lib Qt5Quick.lib Qt5Sql.lib Qt5WebKit.lib Qt5AxContainer.lib Qt5AxBase.lib Qt5Concurrent.lib Qt5Help.lib Qt5OpenGL.lib opengl32.lib glu32.lib Qt5PrintSupport.lib Qt5Script.lib Qt5Svg.lib Qt5WebkitWidgets.lib Qt5Widgets.lib Qt5Xml.lib Qt5XmlPatterns.lib avcodec.lib avformat.lib avutil.lib swscale.lib TinyThread++.lib SDL2.lib wsock32.lib leveldb.lib memenv.lib libcli.lib SDL2_ttf.lib onvifc.lib kernel32.lib user32.lib gdi32.lib winspool.lib comdlg32.lib advapi32.lib shell32.lib ole32.lib oleaut32.lib uuid.lib odbc32.lib odbccp32.lib /MANIFEST /ManifestFile:"Release\VSCloudNode.exe.intermediate.manifest" /MANIFESTUAC:"level='asInvoker' uiAccess='false'" /PDB:"C:\work\03-vdc\vdc\vdc\vdc\win32\Win32\Release\VSCloudNode.pdb" /SUBSYSTEM:WINDOWS /OPT:NOREF /TLBID:1 /DYNAMICBASE /NXCOMPAT /IMPLIB:"C:\work\03-vdc\vdc\vdc\vdc\win32\Win32\Release\VSCloudNode.lib" /MACHINE:X86 Release\VSCloudNode.res
         Release\main.obj
         Release\vsccameraadd.obj
         Release\vscdeviceipc.obj
         Release\vscdevicelist.obj
         Release\vscdevicetrash.obj
         Release\vscdevicetree.obj
         Release\vscdockwidget.obj
         Release\vscmainwindows.obj
         Release\vscplaycontrol.obj
         Release\vscsearch.obj
         Release\vscview.obj
         Release\vscvideowall.obj
         Release\vscvwidget.obj
         Release\qrc_vscmainwindows.obj
         Release\moc_vsccameraadd.obj
         Release\moc_vscdevicelist.obj
         Release\moc_vscdevicetrash.obj
         Release\moc_vscdevicetree.obj
         Release\moc_vscdockwidget.obj
         Release\moc_vscmainwindows.obj
         Release\moc_vscplaycontrol.obj
         Release\moc_vscsearch.obj
         Release\moc_vscvideowall.obj
         Release\moc_vscview.obj
         Release\moc_vscvwidget.obj
         TinyThread++.lib(tinythread.obj) : MSIL .netmodule or module compiled with /GL found; restarting link with /LTCG; add /LTCG to the link command line to improve linker performance
         Generating code
         Finished generating code
         VSCloudNode.vcxproj -> C:\work\03-vdc\vdc\vdc\vdc\win32\Win32\Release\VSCloudNode.exe
       Manifest:
         C:\Program Files (x86)\Microsoft SDKs\Windows\v7.0A\bin\mt.exe /nologo /verbose /outputresource:"C:\work\03-vdc\vdc\vdc\vdc\win32\Win32\Release\\VDC-NVR.exe;#1" /manifest Release\VSCloudNode.exe.intermediate.manifest
       FinalizeBuildStatus:
         Deleting file "Release\VSCloudNode.unsuccessfulbuild".
         Touching "Release\VSCloudNode.lastbuildstate".
     1>Done Building Project "C:\work\03-vdc\vdc\vdc\vdc\win32\VSCloudNode.vcxproj" (build target(s)).

Build succeeded.

Time Elapsed 00:00:05.37
