C:\work\03-vdc\vdc\vdc\vdc\win32\Debug\cl.command.1.tlog
C:\work\03-vdc\vdc\vdc\vdc\win32\Debug\CL.read.1.tlog
C:\work\03-vdc\vdc\vdc\vdc\win32\Debug\CL.write.1.tlog
C:\work\03-vdc\vdc\vdc\vdc\win32\Debug\custombuild.command.1.tlog
C:\work\03-vdc\vdc\vdc\vdc\win32\Debug\custombuild.read.1.tlog
C:\work\03-vdc\vdc\vdc\vdc\win32\Debug\custombuild.write.1.tlog
C:\work\03-vdc\vdc\vdc\vdc\win32\Debug\link.command.1.tlog
C:\work\03-vdc\vdc\vdc\vdc\win32\Debug\link.read.1.tlog
C:\work\03-vdc\vdc\vdc\vdc\win32\Debug\link.write.1.tlog
C:\work\03-vdc\vdc\vdc\vdc\win32\Debug\link-cvtres.read.1.tlog
C:\work\03-vdc\vdc\vdc\vdc\win32\Debug\link-cvtres.write.1.tlog
C:\WORK\03-VDC\VDC\VDC\VDC\WIN32\DEBUG\MAIN.OBJ
C:\WORK\03-VDC\VDC\VDC\VDC\WIN32\DEBUG\MOC_VSCCAMERAADD.OBJ
C:\WORK\03-VDC\VDC\VDC\VDC\WIN32\DEBUG\MOC_VSCDEVICELIST.OBJ
C:\WORK\03-VDC\VDC\VDC\VDC\WIN32\DEBUG\MOC_VSCDEVICETRASH.OBJ
C:\WORK\03-VDC\VDC\VDC\VDC\WIN32\DEBUG\MOC_VSCDEVICETREE.OBJ
C:\WORK\03-VDC\VDC\VDC\VDC\WIN32\DEBUG\MOC_VSCDOCKWIDGET.OBJ
C:\WORK\03-VDC\VDC\VDC\VDC\WIN32\DEBUG\MOC_VSCMAINWINDOWS.OBJ
C:\WORK\03-VDC\VDC\VDC\VDC\WIN32\DEBUG\MOC_VSCPLAYCONTROL.OBJ
C:\WORK\03-VDC\VDC\VDC\VDC\WIN32\DEBUG\MOC_VSCSEARCH.OBJ
C:\WORK\03-VDC\VDC\VDC\VDC\WIN32\DEBUG\MOC_VSCVIDEOWALL.OBJ
C:\WORK\03-VDC\VDC\VDC\VDC\WIN32\DEBUG\MOC_VSCVIEW.OBJ
C:\WORK\03-VDC\VDC\VDC\VDC\WIN32\DEBUG\MOC_VSCVWIDGET.OBJ
C:\work\03-vdc\vdc\vdc\vdc\win32\Debug\mt.command.1.tlog
C:\work\03-vdc\vdc\vdc\vdc\win32\Debug\mt.read.1.tlog
C:\work\03-vdc\vdc\vdc\vdc\win32\Debug\mt.write.1.tlog
C:\WORK\03-VDC\VDC\VDC\VDC\WIN32\DEBUG\QRC_VSCMAINWINDOWS.OBJ
C:\work\03-vdc\vdc\vdc\vdc\win32\Debug\rc.command.1.tlog
C:\work\03-vdc\vdc\vdc\vdc\win32\Debug\rc.read.1.tlog
C:\work\03-vdc\vdc\vdc\vdc\win32\Debug\rc.write.1.tlog
C:\WORK\03-VDC\VDC\VDC\VDC\WIN32\DEBUG\VC100.PDB
C:\WORK\03-VDC\VDC\VDC\VDC\WIN32\DEBUG\VSCCAMERAADD.OBJ
C:\WORK\03-VDC\VDC\VDC\VDC\WIN32\DEBUG\VSCDEVICEIPC.OBJ
C:\WORK\03-VDC\VDC\VDC\VDC\WIN32\DEBUG\VSCDEVICELIST.OBJ
C:\WORK\03-VDC\VDC\VDC\VDC\WIN32\DEBUG\VSCDEVICETRASH.OBJ
C:\WORK\03-VDC\VDC\VDC\VDC\WIN32\DEBUG\VSCDEVICETREE.OBJ
C:\WORK\03-VDC\VDC\VDC\VDC\WIN32\DEBUG\VSCDOCKWIDGET.OBJ
C:\WORK\03-VDC\VDC\VDC\VDC\WIN32\DEBUG\VSCLOUDNODE.EXE.INTERMEDIATE.MANIFEST
C:\WORK\03-VDC\VDC\VDC\VDC\WIN32\DEBUG\VSCLOUDNODE.RES
C:\WORK\03-VDC\VDC\VDC\VDC\WIN32\DEBUG\VSCMAINWINDOWS.OBJ
C:\WORK\03-VDC\VDC\VDC\VDC\WIN32\DEBUG\VSCPLAYCONTROL.OBJ
C:\WORK\03-VDC\VDC\VDC\VDC\WIN32\DEBUG\VSCSEARCH.OBJ
C:\WORK\03-VDC\VDC\VDC\VDC\WIN32\DEBUG\VSCVIDEOWALL.OBJ
C:\WORK\03-VDC\VDC\VDC\VDC\WIN32\DEBUG\VSCVIEW.OBJ
C:\WORK\03-VDC\VDC\VDC\VDC\WIN32\DEBUG\VSCVWIDGET.OBJ
C:\WORK\03-VDC\VDC\VDC\VDC\WIN32\GENERATEDFILES\DEBUG\MOC_VSCCAMERAADD.CPP
C:\WORK\03-VDC\VDC\VDC\VDC\WIN32\GENERATEDFILES\DEBUG\MOC_VSCDEVICELIST.CPP
C:\WORK\03-VDC\VDC\VDC\VDC\WIN32\GENERATEDFILES\DEBUG\MOC_VSCDEVICETRASH.CPP
C:\WORK\03-VDC\VDC\VDC\VDC\WIN32\GENERATEDFILES\DEBUG\MOC_VSCDEVICETREE.CPP
C:\WORK\03-VDC\VDC\VDC\VDC\WIN32\GENERATEDFILES\DEBUG\MOC_VSCDOCKWIDGET.CPP
C:\WORK\03-VDC\VDC\VDC\VDC\WIN32\GENERATEDFILES\DEBUG\MOC_VSCMAINWINDOWS.CPP
C:\WORK\03-VDC\VDC\VDC\VDC\WIN32\GENERATEDFILES\DEBUG\MOC_VSCPLAYCONTROL.CPP
C:\WORK\03-VDC\VDC\VDC\VDC\WIN32\GENERATEDFILES\DEBUG\MOC_VSCSEARCH.CPP
C:\WORK\03-VDC\VDC\VDC\VDC\WIN32\GENERATEDFILES\DEBUG\MOC_VSCVIDEOWALL.CPP
C:\WORK\03-VDC\VDC\VDC\VDC\WIN32\GENERATEDFILES\DEBUG\MOC_VSCVIEW.CPP
C:\WORK\03-VDC\VDC\VDC\VDC\WIN32\GENERATEDFILES\DEBUG\MOC_VSCVWIDGET.CPP
C:\WORK\03-VDC\VDC\VDC\VDC\WIN32\GENERATEDFILES\QRC_VSCMAINWINDOWS.CPP
C:\WORK\03-VDC\VDC\VDC\VDC\WIN32\GENERATEDFILES\UI_VSCCAMERAADD.H
C:\WORK\03-VDC\VDC\VDC\VDC\WIN32\GENERATEDFILES\UI_VSCDEVICELIST.H
C:\WORK\03-VDC\VDC\VDC\VDC\WIN32\GENERATEDFILES\UI_VSCMAINWINDOWS.H
C:\WORK\03-VDC\VDC\VDC\VDC\WIN32\GENERATEDFILES\UI_VSCPLAYCONTROL.H
C:\WORK\03-VDC\VDC\VDC\VDC\WIN32\GENERATEDFILES\UI_VSCSEARCH.H
C:\WORK\03-VDC\VDC\VDC\VDC\WIN32\GENERATEDFILES\UI_VSCVIEW.H
C:\WORK\03-VDC\VDC\VDC\VDC\WIN32\WIN32\DEBUG\VDC-NVR.EXE
C:\WORK\03-VDC\VDC\VDC\VDC\WIN32\WIN32\DEBUG\VDC-NVR.ILK
C:\WORK\03-VDC\VDC\VDC\VDC\WIN32\WIN32\DEBUG\VSCLOUDNODE.PDB
